Started GET "/" for ::1 at 2019-11-06 23:44:11 -0800
  [1m[35m (0.8ms)[0m  [1m[34mSELECT "schema_migrations"."version" FROM "schema_migrations" ORDER BY "schema_migrations"."version" ASC[0m
Processing by StaticPagesController#home as HTML
  Rendering static_pages/home.html.erb within layouts/application
  Rendered static_pages/home.html.erb within layouts/application (Duration: 1.4ms | Allocations: 500)
Started GET "/" for ::1 at 2019-11-06 23:44:14 -0800
Processing by StaticPagesController#home as HTML
  Rendering static_pages/home.html.erb within layouts/application
  Rendered static_pages/home.html.erb within layouts/application (Duration: 0.2ms | Allocations: 64)
[Webpacker] Compiling…
[Webpacker] Compiling…
[Webpacker] Compiled all packs in /Users/yijingz/RubymineProjects/arkamatch/front_end/public/packs
[Webpacker] Compiled all packs in /Users/yijingz/RubymineProjects/arkamatch/front_end/public/packs
  Rendered layouts/_shim.html.erb (Duration: 1.6ms | Allocations: 365)
  Rendered layouts/_shim.html.erb (Duration: 0.0ms | Allocations: 6)
  Rendered layouts/_header.html.erb (Duration: 2.1ms | Allocations: 1115)
  Rendered layouts/_header.html.erb (Duration: 2.7ms | Allocations: 1413)
  Rendered layouts/_footer.html.erb (Duration: 0.6ms | Allocations: 122)
Completed 200 OK in 13102ms (Views: 13098.9ms | ActiveRecord: 0.0ms | Allocations: 2364692)


  Rendered layouts/_footer.html.erb (Duration: 0.5ms | Allocations: 112)
Completed 200 OK in 16649ms (Views: 16640.0ms | ActiveRecord: 0.0ms | Allocations: 5425889)


Started GET "/help" for ::1 at 2019-11-06 23:44:32 -0800
Processing by StaticPagesController#help as HTML
  Rendering static_pages/help.html.erb within layouts/application
  Rendered static_pages/help.html.erb within layouts/application (Duration: 0.6ms | Allocations: 113)
  Rendered layouts/_shim.html.erb (Duration: 0.0ms | Allocations: 6)
  Rendered layouts/_header.html.erb (Duration: 1.5ms | Allocations: 610)
  Rendered layouts/_footer.html.erb (Duration: 0.0ms | Allocations: 5)
Completed 200 OK in 27ms (Views: 26.2ms | ActiveRecord: 0.0ms | Allocations: 17043)


Started GET "/login" for ::1 at 2019-11-06 23:44:33 -0800
Processing by SessionsController#new as HTML
  Rendering sessions/new.html.erb within layouts/application
  Rendered sessions/new.html.erb within layouts/application (Duration: 18.0ms | Allocations: 4961)
  Rendered layouts/_shim.html.erb (Duration: 0.0ms | Allocations: 6)
  Rendered layouts/_header.html.erb (Duration: 0.7ms | Allocations: 583)
  Rendered layouts/_footer.html.erb (Duration: 0.0ms | Allocations: 5)
Completed 200 OK in 37ms (Views: 36.3ms | ActiveRecord: 0.0ms | Allocations: 22253)


Started GET "/help" for ::1 at 2019-11-06 23:44:33 -0800
Processing by StaticPagesController#help as HTML
  Rendering static_pages/help.html.erb within layouts/application
  Rendered static_pages/help.html.erb within layouts/application (Duration: 0.1ms | Allocations: 8)
  Rendered layouts/_shim.html.erb (Duration: 0.0ms | Allocations: 6)
  Rendered layouts/_header.html.erb (Duration: 0.7ms | Allocations: 610)
  Rendered layouts/_footer.html.erb (Duration: 0.0ms | Allocations: 5)
Completed 200 OK in 30ms (Views: 29.7ms | ActiveRecord: 0.0ms | Allocations: 16790)


